Unity Editor version:    2021.3.12f1 (8af3c3e441b1)
Branch:                  2021.3/release
Build type:              Release
Batch mode:              YES
macOS version:           Version 13.2.1 (Build 22D68)
Darwin version:          22.3.0
Architecture:            arm64
Running under Rosetta:   NO
Available memory:        65536 MB
Using pre-set license
Pro License: YES

COMMAND LINE ARGUMENTS:
/Applications/Unity/Hub/Editor/2021.3.12f1/Unity.app/Contents/MacOS/Unity
-adb2
-batchMode
-noUpm
-name
AssetImportWorker0
-projectPath
/Users/aworley/GitHub Repositories/Personal/AR Music Video
-logFile
Logs/AssetImportWorker0.log
-srvPort
56230
Successfully changed project path to: /Users/aworley/GitHub Repositories/Personal/AR Music Video
/Users/aworley/GitHub Repositories/Personal/AR Music Video
[UnityMemory] Configuration Parameters - Can be set up in boot.config
    "memorysetup-bucket-allocator-granularity=16"
    "memorysetup-bucket-allocator-bucket-count=8"
    "memorysetup-bucket-allocator-block-size=33554432"
    "memorysetup-bucket-allocator-block-count=8"
    "memorysetup-main-allocator-block-size=16777216"
    "memorysetup-thread-allocator-block-size=16777216"
    "memorysetup-gfx-main-allocator-block-size=16777216"
    "memorysetup-gfx-thread-allocator-block-size=16777216"
    "memorysetup-cache-allocator-block-size=4194304"
    "memorysetup-typetree-allocator-block-size=2097152"
    "memorysetup-profiler-bucket-allocator-granularity=16"
    "memorysetup-profiler-bucket-allocator-bucket-count=8"
    "memorysetup-profiler-bucket-allocator-block-size=33554432"
    "memorysetup-profiler-bucket-allocator-block-count=8"
    "memorysetup-profiler-allocator-block-size=16777216"
    "memorysetup-profiler-editor-allocator-block-size=1048576"
    "memorysetup-temp-allocator-size-main=16777216"
    "memorysetup-job-temp-allocator-block-size=2097152"
    "memorysetup-job-temp-allocator-block-size-background=1048576"
    "memorysetup-job-temp-allocator-reduction-small-platforms=262144"
    "memorysetup-temp-allocator-size-background-worker=32768"
    "memorysetup-temp-allocator-size-job-worker=262144"
    "memorysetup-temp-allocator-size-preload-manager=33554432"
    "memorysetup-temp-allocator-size-nav-mesh-worker=65536"
    "memorysetup-temp-allocator-size-audio-worker=65536"
    "memorysetup-temp-allocator-size-cloud-worker=32768"
    "memorysetup-temp-allocator-size-gi-baking-worker=262144"
    "memorysetup-temp-allocator-size-gfx=262144"
Refreshing native plugins compatible for Editor in 63.36 ms, found 2 plugins.
Preloading 0 native plugins for Editor in 0.00 ms.
Initialize engine version: 2021.3.12f1 (8af3c3e441b1)
[Subsystems] Discovering subsystems at path /Applications/Unity/Hub/Editor/2021.3.12f1/Unity.app/Contents/Resources/UnitySubsystems
[Subsystems] Discovering subsystems at path /Users/aworley/GitHub Repositories/Personal/AR Music Video/Assets
GfxDevice: creating device client; threaded=0; jobified=0
 preferred device: Apple M1 Max (high power)
Metal devices available: 1
0: Apple M1 Max (high power)
Using device Apple M1 Max (high power)
Initializing Metal device caps: Apple M1 Max
Initialize mono
Mono path[0] = '/Applications/Unity/Hub/Editor/2021.3.12f1/Unity.app/Contents/Managed'
Mono path[1] = '/Applications/Unity/Hub/Editor/2021.3.12f1/Unity.app/Contents/MonoBleedingEdge/lib/mono/unityjit-macos'
Mono config path = '/Applications/Unity/Hub/Editor/2021.3.12f1/Unity.app/Contents/MonoBleedingEdge/etc'
Using monoOptions --debugger-agent=transport=dt_socket,embedding=1,server=y,suspend=n,address=127.0.0.1:56360
Begin MonoManager ReloadAssembly
Registering precompiled unity dll's ...
Register platform support module: /Applications/Unity/Hub/Editor/2021.3.12f1/PlaybackEngines/WebGLSupport/UnityEditor.WebGL.Extensions.dll
Register platform support module: /Applications/Unity/Hub/Editor/2021.3.12f1/Unity.app/Contents/PlaybackEngines/MacStandaloneSupport/UnityEditor.OSXStandalone.Extensions.dll
Register platform support module: /Applications/Unity/Hub/Editor/2021.3.12f1/PlaybackEngines/AndroidPlayer/UnityEditor.Android.Extensions.dll
Register platform support module: /Applications/Unity/Hub/Editor/2021.3.12f1/PlaybackEngines/iOSSupport/UnityEditor.iOS.Extensions.dll
Registered in 0.000747 seconds.
[usbmuxd] Start listen thread
[usbmuxd] Listen thread started
[usbmuxd] Send listen message
Native extension for iOS target not found
Native extension for Android target not found
Native extension for OSXStandalone target not found
Native extension for WebGL target not found
Refreshing native plugins compatible for Editor in 67.98 ms, found 2 plugins.
Preloading 0 native plugins for Editor in 0.00 ms.
Mono: successfully reloaded assembly
- Completed reload, in  0.420 seconds
Domain Reload Profiling:
	ReloadAssembly (421ms)
		BeginReloadAssembly (26ms)
			ExecutionOrderSort (0ms)
			DisableScriptedObjects (0ms)
			BackupInstance (0ms)
			ReleaseScriptingObjects (0ms)
			CreateAndSetChildDomain (0ms)
		EndReloadAssembly (331ms)
			LoadAssemblies (26ms)
			RebuildTransferFunctionScriptingTraits (0ms)
			SetupTypeCache (69ms)
			ReleaseScriptCaches (0ms)
			RebuildScriptCaches (19ms)
			SetupLoadedEditorAssemblies (217ms)
				LogAssemblyErrors (0ms)
				InitializePlatformSupportModulesInManaged (73ms)
				SetLoadedEditorAssemblies (0ms)
				RefreshPlugins (68ms)
				BeforeProcessingInitializeOnLoad (1ms)
				ProcessInitializeOnLoadAttributes (49ms)
				ProcessInitializeOnLoadMethodAttributes (26ms)
				AfterProcessingInitializeOnLoad (0ms)
				EditorAssembliesLoaded (0ms)
			ExecutionOrderSort2 (0ms)
			AwakeInstancesAfterBackupRestoration (0ms)
Platform modules already initialized, skipping
Registering precompiled user dll's ...
Registered in 0.001640 seconds.
Begin MonoManager ReloadAssembly
Symbol file LoadedFromMemory doesn't match image /Users/aworley/GitHub Repositories/Personal/AR Music Video/Library/PackageCache/com.unity.visualscripting@1.7.8/Editor/VisualScripting.Core/Dependencies/YamlDotNet/Unity.VisualScripting.YamlDotNet.dll
Symbol file LoadedFromMemory doesn't match image /Users/aworley/GitHub Repositories/Personal/AR Music Video/Library/PackageCache/com.unity.visualscripting@1.7.8/Editor/VisualScripting.Core/Dependencies/DotNetZip/Unity.VisualScripting.IonicZip.dll
Native extension for iOS target not found
Native extension for Android target not found
Native extension for OSXStandalone target not found
Native extension for WebGL target not found
Refreshing native plugins compatible for Editor in 68.85 ms, found 2 plugins.
Preloading 0 native plugins for Editor in 0.00 ms.
Package Manager log level set to [2]
Mono: successfully reloaded assembly
- Completed reload, in  0.794 seconds
Domain Reload Profiling:
	ReloadAssembly (794ms)
		BeginReloadAssembly (152ms)
			ExecutionOrderSort (0ms)
			DisableScriptedObjects (3ms)
			BackupInstance (0ms)
			ReleaseScriptingObjects (0ms)
			CreateAndSetChildDomain (116ms)
		EndReloadAssembly (575ms)
			LoadAssemblies (29ms)
			RebuildTransferFunctionScriptingTraits (0ms)
			SetupTypeCache (174ms)
			ReleaseScriptCaches (0ms)
			RebuildScriptCaches (36ms)
			SetupLoadedEditorAssemblies (301ms)
				LogAssemblyErrors (0ms)
				InitializePlatformSupportModulesInManaged (16ms)
				SetLoadedEditorAssemblies (0ms)
				RefreshPlugins (69ms)
				BeforeProcessingInitializeOnLoad (64ms)
				ProcessInitializeOnLoadAttributes (135ms)
				ProcessInitializeOnLoadMethodAttributes (16ms)
				AfterProcessingInitializeOnLoad (1ms)
				EditorAssembliesLoaded (0ms)
			ExecutionOrderSort2 (0ms)
			AwakeInstancesAfterBackupRestoration (2ms)
Platform modules already initialized, skipping
========================================================================
Worker process is ready to serve import requests
Launching external process: /Applications/Unity/Hub/Editor/2021.3.12f1/Unity.app/Contents/Tools/UnityShaderCompiler
Launched and connected shader compiler UnityShaderCompiler after 0.05 seconds
Refreshing native plugins compatible for Editor in 0.35 ms, found 2 plugins.
Preloading 0 native plugins for Editor in 0.00 ms.
Unloading 3788 Unused Serialized files (Serialized files now loaded: 0)
Unloading 26 unused Assets / (40.7 KB). Loaded Objects now: 4250.
Memory consumption went from 122.3 MB to 122.3 MB.
Total: 2.153500 ms (FindLiveObjects: 0.094709 ms CreateObjectMapping: 0.044084 ms MarkObjects: 1.960500 ms  DeleteObjects: 0.053750 ms)

AssetImportParameters requested are different than current active one (requested -> active):
  custom:video-decoder-ogg-theora: a1e56fd34408186e4bbccfd4996cb3dc -> 
  custom:container-muxer-webm: aa71ff27fc2769a1b78a27578f13a17b -> 
  custom:container-demuxer-webm: 4f35f7cbe854078d1ac9338744f61a02 -> 
  custom:video-encoder-webm-vp8: eb34c28f22e8b96e1ab97ce403110664 -> 
  custom:framework-osx-AVFoundation: e770b220cccbd017edd2c1fefb359320 -> 
  custom:audio-encoder-webm-vorbis: bf7c407c2cedff20999df2af8eb42d56 -> 
  custom:container-demuxer-ogg: 62fdf1f143b41e24485cea50d1cbac27 -> 
  custom:video-decoder-webm-vp8: 9c59270c3fd7afecdb556c50c9e8de78 -> 
  custom:audio-decoder-ogg-vorbis: bf7c407c2cedff20999df2af8eb42d56 -> 
========================================================================
Received Import Request.
  Time since last request: 222956.908831 seconds.
  path: Assets/Prefabs
  artifactKey: Guid(3327b57b0c8a740d0ad6a656b31d584d) Importer(815301076,1909f56bfc062723c751e8b465ee728b)
Start importing Assets/Prefabs using Guid(3327b57b0c8a740d0ad6a656b31d584d) Importer(815301076,1909f56bfc062723c751e8b465ee728b)  -> (artifact id: '8a78ebfd377ea4abdc8dc625a191d885') in 0.004893 seconds 
========================================================================
Received Import Request.
  Time since last request: 12.737193 seconds.
  path: Assets/Tree_Textures
  artifactKey: Guid(d9c1fd28cebec4faabed7571e4e004db) Importer(815301076,1909f56bfc062723c751e8b465ee728b)
Start importing Assets/Tree_Textures using Guid(d9c1fd28cebec4faabed7571e4e004db) Importer(815301076,1909f56bfc062723c751e8b465ee728b)  -> (artifact id: 'd0db4b30a25624a3d09f9a24367c4519') in 0.001390 seconds 
========================================================================
Received Import Request.
  Time since last request: 0.054746 seconds.
  path: Assets/Tree_Textures/diffuse.png
  artifactKey: Guid(8ff6b0975f1d04f9d8e7ae61a61c2a6d) Importer(815301076,1909f56bfc062723c751e8b465ee728b)
Start importing Assets/Tree_Textures/diffuse.png using Guid(8ff6b0975f1d04f9d8e7ae61a61c2a6d) Importer(815301076,1909f56bfc062723c751e8b465ee728b)  -> (artifact id: '9f8a857e419572c38f8e7d70a7601af6') in 0.412836 seconds 
========================================================================
Received Import Request.
  Time since last request: 0.000048 seconds.
  path: Assets/Tree_Textures/shadow.png
  artifactKey: Guid(f5b743c94baae4a278a17eef220dcc8d) Importer(815301076,1909f56bfc062723c751e8b465ee728b)
Start importing Assets/Tree_Textures/shadow.png using Guid(f5b743c94baae4a278a17eef220dcc8d) Importer(815301076,1909f56bfc062723c751e8b465ee728b)  -> (artifact id: '2e697e81d15fc2471f64fc45d23f116f') in 0.002861 seconds 
========================================================================
Received Import Request.
  Time since last request: 7.787241 seconds.
  path: Assets/XR
  artifactKey: Guid(31788304539bb41ceb58ad26661c5314) Importer(815301076,1909f56bfc062723c751e8b465ee728b)
Start importing Assets/XR using Guid(31788304539bb41ceb58ad26661c5314) Importer(815301076,1909f56bfc062723c751e8b465ee728b)  -> (artifact id: 'e49bcbab2388564136f7918ec066ee03') in 0.000933 seconds 
========================================================================
Received Import Request.
  Time since last request: 0.044139 seconds.
  path: Assets/XR/XRGeneralSettings.asset
  artifactKey: Guid(dbf76312ca89c406a963fdb62e6b124e) Importer(815301076,1909f56bfc062723c751e8b465ee728b)
Start importing Assets/XR/XRGeneralSettings.asset using Guid(dbf76312ca89c406a963fdb62e6b124e) Importer(815301076,1909f56bfc062723c751e8b465ee728b)  -> (artifact id: 'f0a37469ae8b41d4524a450a5a64e52d') in 0.495820 seconds 
========================================================================
Received Import Request.
  Time since last request: 2.832449 seconds.
  path: Assets/XR/Loaders
  artifactKey: Guid(7e0eb30e1d2b64f05a0f3b99d06f1b10) Importer(815301076,1909f56bfc062723c751e8b465ee728b)
Start importing Assets/XR/Loaders using Guid(7e0eb30e1d2b64f05a0f3b99d06f1b10) Importer(815301076,1909f56bfc062723c751e8b465ee728b)  -> (artifact id: '667ca8eb058d4e6ee0874f2817c7c5c2') in 0.000737 seconds 
========================================================================
Received Import Request.
  Time since last request: 0.049187 seconds.
  path: Assets/XR/Loaders/AR Kit Loader.asset
  artifactKey: Guid(cf0864e1ea0684cefb70a955e1939a8c) Importer(815301076,1909f56bfc062723c751e8b465ee728b)
Start importing Assets/XR/Loaders/AR Kit Loader.asset using Guid(cf0864e1ea0684cefb70a955e1939a8c) Importer(815301076,1909f56bfc062723c751e8b465ee728b)  -> (artifact id: '27105ba4f12ce4be27aea0e0395220ae') in 0.001519 seconds 
========================================================================
Received Import Request.
  Time since last request: 1.927228 seconds.
  path: Assets/Textures
  artifactKey: Guid(29e83b6f011184b90920d30e10b210b0) Importer(815301076,1909f56bfc062723c751e8b465ee728b)
Start importing Assets/Textures using Guid(29e83b6f011184b90920d30e10b210b0) Importer(815301076,1909f56bfc062723c751e8b465ee728b)  -> (artifact id: '7bc3b240557b186818dff1a043e1388a') in 0.000740 seconds 
========================================================================
Received Import Request.
  Time since last request: 5.088758 seconds.
  path: Assets/TextMesh Pro
  artifactKey: Guid(f54d1bd14bd3ca042bd867b519fee8cc) Importer(815301076,1909f56bfc062723c751e8b465ee728b)
Start importing Assets/TextMesh Pro using Guid(f54d1bd14bd3ca042bd867b519fee8cc) Importer(815301076,1909f56bfc062723c751e8b465ee728b)  -> (artifact id: 'f5648c5ef36b7beab651a001a8d08867') in 0.000601 seconds 
========================================================================
Received Import Request.
  Time since last request: 1.104862 seconds.
  path: Assets/TextMesh Pro/Documentation
  artifactKey: Guid(8e7e8f5a82a3a134e91c54efd2274ea9) Importer(815301076,1909f56bfc062723c751e8b465ee728b)
Start importing Assets/TextMesh Pro/Documentation using Guid(8e7e8f5a82a3a134e91c54efd2274ea9) Importer(815301076,1909f56bfc062723c751e8b465ee728b)  -> (artifact id: 'dc497803c0650e980b81bcf651e18b86') in 0.000983 seconds 
========================================================================
Received Import Request.
  Time since last request: 2.956662 seconds.
  path: Assets/Scenes
  artifactKey: Guid(6ea315d0fd7389c41b19996891e99ae3) Importer(815301076,1909f56bfc062723c751e8b465ee728b)
Start importing Assets/Scenes using Guid(6ea315d0fd7389c41b19996891e99ae3) Importer(815301076,1909f56bfc062723c751e8b465ee728b)  -> (artifact id: 'b8193726cff86800c54781cdc6d54904') in 0.000979 seconds 
========================================================================
Received Import Request.
  Time since last request: 1.583894 seconds.
  path: Assets/Scenes/SampleScene.unity
  artifactKey: Guid(9fc0d4010bbf28b4594072e72b8655ab) Importer(815301076,1909f56bfc062723c751e8b465ee728b)
Start importing Assets/Scenes/SampleScene.unity using Guid(9fc0d4010bbf28b4594072e72b8655ab) Importer(815301076,1909f56bfc062723c751e8b465ee728b)  -> (artifact id: '4a5d0587689dc706ece0cb752e62e8fa') in 0.000885 seconds 
========================================================================
Received Import Request.
  Time since last request: 16.978226 seconds.
  path: Assets/New Folder
  artifactKey: Guid(addd751f60ebe4f8bb6e956041aa4a3e) Importer(815301076,1909f56bfc062723c751e8b465ee728b)
Start importing Assets/New Folder using Guid(addd751f60ebe4f8bb6e956041aa4a3e) Importer(815301076,1909f56bfc062723c751e8b465ee728b)  -> (artifact id: '7ccad415c201881c3cfbf54965d84b0c') in 0.000961 seconds 
========================================================================
Received Import Request.
  Time since last request: 2.127767 seconds.
  path: Assets/Scripts
  artifactKey: Guid(addd751f60ebe4f8bb6e956041aa4a3e) Importer(815301076,1909f56bfc062723c751e8b465ee728b)
Start importing Assets/Scripts using Guid(addd751f60ebe4f8bb6e956041aa4a3e) Importer(815301076,1909f56bfc062723c751e8b465ee728b)  -> (artifact id: 'a8dfa917b7ca9722a487682542d3f240') in 0.000616 seconds 
========================================================================
Received Prepare
Registering precompiled user dll's ...
Registered in 0.001595 seconds.
Begin MonoManager ReloadAssembly
Thread 0x172837000 may have been prematurely finalized
Symbol file LoadedFromMemory doesn't match image /Users/aworley/GitHub Repositories/Personal/AR Music Video/Library/PackageCache/com.unity.visualscripting@1.7.8/Editor/VisualScripting.Core/Dependencies/YamlDotNet/Unity.VisualScripting.YamlDotNet.dll
Symbol file LoadedFromMemory doesn't match image /Users/aworley/GitHub Repositories/Personal/AR Music Video/Library/PackageCache/com.unity.visualscripting@1.7.8/Editor/VisualScripting.Core/Dependencies/DotNetZip/Unity.VisualScripting.IonicZip.dll
Native extension for iOS target not found
Native extension for Android target not found
Native extension for OSXStandalone target not found
Native extension for WebGL target not found
Refreshing native plugins compatible for Editor in 0.40 ms, found 2 plugins.
Preloading 0 native plugins for Editor in 0.00 ms.
Mono: successfully reloaded assembly
- Completed reload, in  0.575 seconds
Domain Reload Profiling:
	ReloadAssembly (575ms)
		BeginReloadAssembly (73ms)
			ExecutionOrderSort (0ms)
			DisableScriptedObjects (2ms)
			BackupInstance (0ms)
			ReleaseScriptingObjects (0ms)
			CreateAndSetChildDomain (31ms)
		EndReloadAssembly (447ms)
			LoadAssemblies (29ms)
			RebuildTransferFunctionScriptingTraits (0ms)
			SetupTypeCache (173ms)
			ReleaseScriptCaches (1ms)
			RebuildScriptCaches (28ms)
			SetupLoadedEditorAssemblies (185ms)
				LogAssemblyErrors (0ms)
				InitializePlatformSupportModulesInManaged (17ms)
				SetLoadedEditorAssemblies (0ms)
				RefreshPlugins (0ms)
				BeforeProcessingInitializeOnLoad (45ms)
				ProcessInitializeOnLoadAttributes (108ms)
				ProcessInitializeOnLoadMethodAttributes (13ms)
				AfterProcessingInitializeOnLoad (1ms)
				EditorAssembliesLoaded (0ms)
			ExecutionOrderSort2 (0ms)
			AwakeInstancesAfterBackupRestoration (2ms)
Platform modules already initialized, skipping
Refreshing native plugins compatible for Editor in 0.68 ms, found 2 plugins.
Preloading 0 native plugins for Editor in 0.00 ms.
Unloading 3765 Unused Serialized files (Serialized files now loaded: 0)
Unloading 18 unused Assets / (21.9 KB). Loaded Objects now: 4258.
Memory consumption went from 250.6 MB to 250.6 MB.
Total: 2.025916 ms (FindLiveObjects: 0.093708 ms CreateObjectMapping: 0.043000 ms MarkObjects: 1.872791 ms  DeleteObjects: 0.015625 ms)

AssetImportParameters requested are different than current active one (requested -> active):
  custom:video-decoder-ogg-theora: a1e56fd34408186e4bbccfd4996cb3dc -> 
  custom:container-muxer-webm: aa71ff27fc2769a1b78a27578f13a17b -> 
  custom:container-demuxer-webm: 4f35f7cbe854078d1ac9338744f61a02 -> 
  custom:video-encoder-webm-vp8: eb34c28f22e8b96e1ab97ce403110664 -> 
  custom:framework-osx-AVFoundation: e770b220cccbd017edd2c1fefb359320 -> 
  custom:audio-encoder-webm-vorbis: bf7c407c2cedff20999df2af8eb42d56 -> 
  custom:container-demuxer-ogg: 62fdf1f143b41e24485cea50d1cbac27 -> 
  custom:video-decoder-webm-vp8: 9c59270c3fd7afecdb556c50c9e8de78 -> 
  custom:audio-decoder-ogg-vorbis: bf7c407c2cedff20999df2af8eb42d56 -> 
========================================================================
Received Import Request.
  Time since last request: 43.351873 seconds.
  path: Assets/Materials
  artifactKey: Guid(c9407a4896ede40b6bfbbd46121784fb) Importer(815301076,1909f56bfc062723c751e8b465ee728b)
Start importing Assets/Materials using Guid(c9407a4896ede40b6bfbbd46121784fb) Importer(815301076,1909f56bfc062723c751e8b465ee728b)  -> (artifact id: '4e4a53eab027b87d816ea5e26629ac24') in 0.005178 seconds 
========================================================================
Received Import Request.
  Time since last request: 61.550436 seconds.
  path: Assets/Materials/Blue.mat
  artifactKey: Guid(44160c944ebef4277a2614145bee380e) Importer(815301076,1909f56bfc062723c751e8b465ee728b)
Start importing Assets/Materials/Blue.mat using Guid(44160c944ebef4277a2614145bee380e) Importer(815301076,1909f56bfc062723c751e8b465ee728b)  -> (artifact id: '8900816b3ceeb67c3f2c556b67f0a070') in 0.338375 seconds 
========================================================================
Received Import Request.
  Time since last request: 15.924934 seconds.
  path: Assets/XR/Settings
  artifactKey: Guid(9f32eb35fa69741e9a82da8214c19a46) Importer(815301076,1909f56bfc062723c751e8b465ee728b)
Start importing Assets/XR/Settings using Guid(9f32eb35fa69741e9a82da8214c19a46) Importer(815301076,1909f56bfc062723c751e8b465ee728b)  -> (artifact id: '9e1cd9f6ea6fe256a79d92b4c7863642') in 0.001070 seconds 
========================================================================
Received Import Request.
  Time since last request: 0.054764 seconds.
  path: Assets/XR/Settings/AR Kit Settings.asset
  artifactKey: Guid(704f213f7b32e492181ae2e8364c044a) Importer(815301076,1909f56bfc062723c751e8b465ee728b)
Start importing Assets/XR/Settings/AR Kit Settings.asset using Guid(704f213f7b32e492181ae2e8364c044a) Importer(815301076,1909f56bfc062723c751e8b465ee728b)  -> (artifact id: '0b8c6d5e2829784860484802abe98d52') in 0.002418 seconds 
========================================================================
Received Import Request.
  Time since last request: 31.929442 seconds.
  path: Assets/Scenes/Main Scene.unity
  artifactKey: Guid(9fc0d4010bbf28b4594072e72b8655ab) Importer(815301076,1909f56bfc062723c751e8b465ee728b)
Start importing Assets/Scenes/Main Scene.unity using Guid(9fc0d4010bbf28b4594072e72b8655ab) Importer(815301076,1909f56bfc062723c751e8b465ee728b)  -> (artifact id: 'd0e39803f59db6acc1533bc358c20e19') in 0.000561 seconds 
========================================================================
Received Import Request.
  Time since last request: 70.611107 seconds.
  path: Assets/Prefabs/Earthly.prefab
  artifactKey: Guid(678528d232f8c42f2a04ef0598bf0045) Importer(815301076,1909f56bfc062723c751e8b465ee728b)
Start importing Assets/Prefabs/Earthly.prefab using Guid(678528d232f8c42f2a04ef0598bf0045) Importer(815301076,1909f56bfc062723c751e8b465ee728b)  -> (artifact id: '3d23288f60734e2cc4a6ce3abe416b39') in 0.053553 seconds 
